C:\Users\bdgreco\Desktop\Tech.Between.We\Tech.Between.HttpServices.Chat\lib\@aspnet\signalr\src\AbortController.js
C:\Users\bdgreco\Desktop\Tech.Between.We\Tech.Between.HttpServices.Chat\lib\@aspnet\signalr\src\AbortController.js.map
C:\Users\bdgreco\Desktop\Tech.Between.We\Tech.Between.HttpServices.Chat\lib\@aspnet\signalr\src\Errors.js
C:\Users\bdgreco\Desktop\Tech.Between.We\Tech.Between.HttpServices.Chat\lib\@aspnet\signalr\src\Errors.js.map
C:\Users\bdgreco\Desktop\Tech.Between.We\Tech.Between.HttpServices.Chat\lib\@aspnet\signalr\src\ILogger.js
C:\Users\bdgreco\Desktop\Tech.Between.We\Tech.Between.HttpServices.Chat\lib\@aspnet\signalr\src\ILogger.js.map
C:\Users\bdgreco\Desktop\Tech.Between.We\Tech.Between.HttpServices.Chat\lib\@aspnet\signalr\src\HttpClient.js
C:\Users\bdgreco\Desktop\Tech.Between.We\Tech.Between.HttpServices.Chat\lib\@aspnet\signalr\src\HttpClient.js.map
C:\Users\bdgreco\Desktop\Tech.Between.We\Tech.Between.HttpServices.Chat\lib\@aspnet\signalr\src\ITransport.js
C:\Users\bdgreco\Desktop\Tech.Between.We\Tech.Between.HttpServices.Chat\lib\@aspnet\signalr\src\ITransport.js.map
C:\Users\bdgreco\Desktop\Tech.Between.We\Tech.Between.HttpServices.Chat\lib\@aspnet\signalr\src\IHttpConnectionOptions.js
C:\Users\bdgreco\Desktop\Tech.Between.We\Tech.Between.HttpServices.Chat\lib\@aspnet\signalr\src\IHttpConnectionOptions.js.map
C:\Users\bdgreco\Desktop\Tech.Between.We\Tech.Between.HttpServices.Chat\lib\@aspnet\signalr\src\TextMessageFormat.js
C:\Users\bdgreco\Desktop\Tech.Between.We\Tech.Between.HttpServices.Chat\lib\@aspnet\signalr\src\TextMessageFormat.js.map
C:\Users\bdgreco\Desktop\Tech.Between.We\Tech.Between.HttpServices.Chat\lib\@aspnet\signalr\src\HandshakeProtocol.js
C:\Users\bdgreco\Desktop\Tech.Between.We\Tech.Between.HttpServices.Chat\lib\@aspnet\signalr\src\HandshakeProtocol.js.map
C:\Users\bdgreco\Desktop\Tech.Between.We\Tech.Between.HttpServices.Chat\lib\@aspnet\signalr\src\IConnection.js
C:\Users\bdgreco\Desktop\Tech.Between.We\Tech.Between.HttpServices.Chat\lib\@aspnet\signalr\src\IConnection.js.map
C:\Users\bdgreco\Desktop\Tech.Between.We\Tech.Between.HttpServices.Chat\lib\@aspnet\signalr\src\IHubProtocol.js
C:\Users\bdgreco\Desktop\Tech.Between.We\Tech.Between.HttpServices.Chat\lib\@aspnet\signalr\src\IHubProtocol.js.map
C:\Users\bdgreco\Desktop\Tech.Between.We\Tech.Between.HttpServices.Chat\lib\@aspnet\signalr\src\Stream.js
C:\Users\bdgreco\Desktop\Tech.Between.We\Tech.Between.HttpServices.Chat\lib\@aspnet\signalr\src\Stream.js.map
C:\Users\bdgreco\Desktop\Tech.Between.We\Tech.Between.HttpServices.Chat\lib\@aspnet\signalr\src\Loggers.js
C:\Users\bdgreco\Desktop\Tech.Between.We\Tech.Between.HttpServices.Chat\lib\@aspnet\signalr\src\Loggers.js.map
C:\Users\bdgreco\Desktop\Tech.Between.We\Tech.Between.HttpServices.Chat\lib\@aspnet\signalr\src\Utils.js
C:\Users\bdgreco\Desktop\Tech.Between.We\Tech.Between.HttpServices.Chat\lib\@aspnet\signalr\src\Utils.js.map
C:\Users\bdgreco\Desktop\Tech.Between.We\Tech.Between.HttpServices.Chat\lib\@aspnet\signalr\src\HubConnection.js
C:\Users\bdgreco\Desktop\Tech.Between.We\Tech.Between.HttpServices.Chat\lib\@aspnet\signalr\src\HubConnection.js.map
C:\Users\bdgreco\Desktop\Tech.Between.We\Tech.Between.HttpServices.Chat\lib\@aspnet\signalr\src\LongPollingTransport.js
C:\Users\bdgreco\Desktop\Tech.Between.We\Tech.Between.HttpServices.Chat\lib\@aspnet\signalr\src\LongPollingTransport.js.map
C:\Users\bdgreco\Desktop\Tech.Between.We\Tech.Between.HttpServices.Chat\lib\@aspnet\signalr\src\ServerSentEventsTransport.js
C:\Users\bdgreco\Desktop\Tech.Between.We\Tech.Between.HttpServices.Chat\lib\@aspnet\signalr\src\ServerSentEventsTransport.js.map
C:\Users\bdgreco\Desktop\Tech.Between.We\Tech.Between.HttpServices.Chat\lib\@aspnet\signalr\src\WebSocketTransport.js
C:\Users\bdgreco\Desktop\Tech.Between.We\Tech.Between.HttpServices.Chat\lib\@aspnet\signalr\src\WebSocketTransport.js.map
C:\Users\bdgreco\Desktop\Tech.Between.We\Tech.Between.HttpServices.Chat\lib\@aspnet\signalr\src\HttpConnection.js
C:\Users\bdgreco\Desktop\Tech.Between.We\Tech.Between.HttpServices.Chat\lib\@aspnet\signalr\src\HttpConnection.js.map
C:\Users\bdgreco\Desktop\Tech.Between.We\Tech.Between.HttpServices.Chat\lib\@aspnet\signalr\src\JsonHubProtocol.js
C:\Users\bdgreco\Desktop\Tech.Between.We\Tech.Between.HttpServices.Chat\lib\@aspnet\signalr\src\JsonHubProtocol.js.map
C:\Users\bdgreco\Desktop\Tech.Between.We\Tech.Between.HttpServices.Chat\lib\@aspnet\signalr\src\HubConnectionBuilder.js
C:\Users\bdgreco\Desktop\Tech.Between.We\Tech.Between.HttpServices.Chat\lib\@aspnet\signalr\src\HubConnectionBuilder.js.map
C:\Users\bdgreco\Desktop\Tech.Between.We\Tech.Between.HttpServices.Chat\lib\@aspnet\signalr\src\index.js
C:\Users\bdgreco\Desktop\Tech.Between.We\Tech.Between.HttpServices.Chat\lib\@aspnet\signalr\src\index.js.map
C:\Users\bdgreco\Desktop\Tech.Between.We\Tech.Between.HttpServices.Chat\lib\@aspnet\signalr\src\browser-index.js
C:\Users\bdgreco\Desktop\Tech.Between.We\Tech.Between.HttpServices.Chat\lib\@aspnet\signalr\src\browser-index.js.map
